2025-08-31 14:48:00 - core.component_initializer - INFO - [OK] APIãƒ•ã‚§ãƒƒãƒãƒ£ãƒ¼åˆæœŸåŒ–å®Œäº†
2025-08-31 14:48:00 - core.component_initializer - INFO - å®Ÿéš›ã®AccuracyTrackerã‚’ä½¿ç”¨
2025-08-31 14:48:00 - core.component_initializer - INFO - å®Ÿéš›ã®äºˆæƒ³ã‚¢ãƒ«ã‚´ãƒªã‚ºãƒ ã‚’ä½¿ç”¨
2025-08-31 14:48:00 - core.component_initializer - ERROR - ãƒ«ãƒ¼ãƒˆãƒãƒ³ãƒ‰ãƒ©ãƒ¼åˆæœŸåŒ–ã‚¨ãƒ©ãƒ¼: No module named 'core.dummy_data_generator'
2025-08-31 14:48:00 - __main__ - ERROR - ã‚³ãƒ³ãƒãƒ¼ãƒãƒ³ãƒˆåˆæœŸåŒ–ã‚¨ãƒ©ãƒ¼: No module named 'core.dummy_data_generator'
2025-08-31 14:48:00 - __main__ - ERROR - ã‚³ãƒ³ãƒãƒ¼ãƒãƒ³ãƒˆåˆæœŸåŒ–ã‚¨ãƒ©ãƒ¼: No module named 'core.dummy_data_generator'
2025-08-31 14:48:52 - core.component_initializer - INFO - [OK] APIãƒ•ã‚§ãƒƒãƒãƒ£ãƒ¼åˆæœŸåŒ–å®Œäº†
2025-08-31 14:48:52 - core.component_initializer - INFO - å®Ÿéš›ã®AccuracyTrackerã‚’ä½¿ç”¨
2025-08-31 14:48:52 - core.component_initializer - INFO - å®Ÿéš›ã®äºˆæƒ³ã‚¢ãƒ«ã‚´ãƒªã‚ºãƒ ã‚’ä½¿ç”¨
2025-08-31 14:48:52 - core.component_initializer - WARNING - æŠ•è³‡ãƒ€ãƒƒã‚·ãƒ¥ãƒœãƒ¼ãƒ‰ãƒ«ãƒ¼ãƒˆã®åˆæœŸåŒ–å¤±æ•—: No module named 'routes.investment'
2025-08-31 14:48:52 - core.component_initializer - WARNING - AIç·åˆãƒ€ãƒƒã‚·ãƒ¥ãƒœãƒ¼ãƒ‰ãƒ«ãƒ¼ãƒˆã®åˆæœŸåŒ–å¤±æ•—: No module named 'core.enhanced_webui_routes'
2025-08-31 14:48:52 - core.component_initializer - INFO - [OK] ãƒ«ãƒ¼ãƒˆãƒãƒ³ãƒ‰ãƒ©ãƒ¼åˆæœŸåŒ–å®Œäº†
2025-08-31 14:48:52 - scheduler_service - INFO - çµ±åˆã‚¹ã‚±ã‚¸ãƒ¥ãƒ¼ãƒ©ãƒ¼åˆæœŸåŒ–å®Œäº†
2025-08-31 14:48:52 - core.component_initializer - INFO - [OK] ã‚¹ã‚±ã‚¸ãƒ¥ãƒ¼ãƒ©ãƒ¼åˆæœŸåŒ–å®Œäº†
2025-08-31 14:48:52 - __main__ - INFO - [OK] å…¨ã‚³ãƒ³ãƒãƒ¼ãƒãƒ³ãƒˆåˆæœŸåŒ–å®Œäº†
2025-08-31 14:48:52 - __main__ - INFO - [OK] å…¨ã‚³ãƒ³ãƒãƒ¼ãƒãƒ³ãƒˆåˆæœŸåŒ–å®Œäº†
2025-08-31 14:48:52 - __main__ - INFO - ã‚¢ãƒ—ãƒªã‚±ãƒ¼ã‚·ãƒ§ãƒ³ä½œæˆå®Œäº†
2025-08-31 14:48:52 - __main__ - INFO - ã‚¢ãƒ—ãƒªã‚±ãƒ¼ã‚·ãƒ§ãƒ³ä½œæˆå®Œäº†
2025-08-31 14:48:52 - scheduler_service - INFO - çµ±åˆã‚¹ã‚±ã‚¸ãƒ¥ãƒ¼ãƒ©ãƒ¼é–‹å§‹: AM6æ™‚ãƒ‡ãƒ¼ã‚¿å–å¾—, æ¯æ™‚çµæœæ›´æ–°, PM11æ™‚ãƒ¬ãƒãƒ¼ãƒˆæ›´æ–°
2025-08-31 14:48:52 - werkzeug - INFO - [31m[1mWARNING: This is a development server. Do not use it in a production deployment. Use a production WSGI server instead.[0m
 * Running on all addresses (0.0.0.0)
 * Running on http://127.0.0.1:5000
 * Running on http://192.168.0.94:5000
2025-08-31 14:48:52 - werkzeug - INFO - [33mPress CTRL+C to quit[0m
