2025-08-23 02:38:51,815 - INFO - データベース初期化完了
2025-08-23 02:38:51,816 - INFO - 実戦投入システム初期化完了
2025-08-23 02:38:51,816 - INFO - 実戦用モデル訓練開始
2025-08-23 02:38:51,865 - WARNING - データ読み込みエラー: argument of type 'float' is not iterable
2025-08-23 02:38:51,865 - INFO - 実戦レベルデータ生成: 150件
2025-08-23 02:38:51,897 - INFO - 訓練データ: (150, 39)
2025-08-23 02:38:52,271 - INFO - rf: 訓練精度 1.000
2025-08-23 02:38:59,423 - INFO - gb: 訓練精度 1.000
2025-08-23 02:38:59,423 - INFO - 実戦用モデル訓練完了 - 重み: {'rf': 0.6, 'gb': 0.4}
2025-08-23 02:39:35,944 - INFO - データベース初期化完了
2025-08-23 02:39:35,945 - INFO - 実戦投入システム初期化完了
2025-08-23 02:39:35,945 - INFO - 実戦用モデル訓練開始
2025-08-23 02:39:35,973 - WARNING - データ読み込みエラー: argument of type 'float' is not iterable
2025-08-23 02:39:35,974 - INFO - 実戦レベルデータ生成: 150件
2025-08-23 02:39:36,004 - INFO - 訓練データ: (150, 39)
2025-08-23 02:39:36,371 - INFO - rf: 訓練精度 1.000
2025-08-23 02:39:42,568 - INFO - gb: 訓練精度 1.000
2025-08-23 02:39:42,569 - INFO - 実戦用モデル訓練完了 - 重み: {'rf': 0.6, 'gb': 0.4}
2025-08-23 02:39:42,570 - INFO - 日次予測開始
2025-08-23 02:39:42,573 - INFO - 本日のレース数: 144
2025-08-23 02:39:42,607 - INFO - 予測保存完了: 1_1_20250823
2025-08-23 02:39:42,631 - INFO - 予測保存完了: 1_2_20250823
2025-08-23 02:39:42,655 - INFO - 予測保存完了: 1_3_20250823
2025-08-23 02:39:42,678 - INFO - 予測保存完了: 1_4_20250823
2025-08-23 02:39:42,704 - INFO - 予測保存完了: 1_5_20250823
2025-08-23 02:39:42,726 - INFO - 予測保存完了: 1_6_20250823
2025-08-23 02:39:42,748 - INFO - 予測保存完了: 1_7_20250823
2025-08-23 02:39:42,772 - INFO - 予測保存完了: 1_8_20250823
2025-08-23 02:39:42,799 - INFO - 予測保存完了: 1_9_20250823
2025-08-23 02:39:42,823 - INFO - 予測保存完了: 1_10_20250823
2025-08-23 02:39:42,846 - INFO - 予測保存完了: 1_11_20250823
2025-08-23 02:39:42,868 - INFO - 予測保存完了: 1_12_20250823
2025-08-23 02:39:42,891 - INFO - 予測保存完了: 2_1_20250823
2025-08-23 02:39:42,913 - INFO - 予測保存完了: 2_2_20250823
2025-08-23 02:39:42,935 - INFO - 予測保存完了: 2_3_20250823
2025-08-23 02:39:42,957 - INFO - 予測保存完了: 2_4_20250823
2025-08-23 02:39:42,980 - INFO - 予測保存完了: 2_5_20250823
2025-08-23 02:39:43,002 - INFO - 予測保存完了: 2_6_20250823
2025-08-23 02:39:43,026 - INFO - 予測保存完了: 2_7_20250823
2025-08-23 02:39:43,048 - INFO - 予測保存完了: 2_8_20250823
2025-08-23 02:39:43,073 - INFO - 予測保存完了: 2_9_20250823
2025-08-23 02:39:43,096 - INFO - 予測保存完了: 2_10_20250823
2025-08-23 02:39:43,125 - INFO - 予測保存完了: 2_11_20250823
2025-08-23 02:39:43,153 - INFO - 予測保存完了: 2_12_20250823
2025-08-23 02:39:43,178 - INFO - 予測保存完了: 3_1_20250823
2025-08-23 02:39:43,205 - INFO - 予測保存完了: 3_2_20250823
2025-08-23 02:39:43,229 - INFO - 予測保存完了: 3_3_20250823
2025-08-23 02:39:43,254 - INFO - 予測保存完了: 3_4_20250823
2025-08-23 02:39:43,280 - INFO - 予測保存完了: 3_5_20250823
2025-08-23 02:39:43,305 - INFO - 予測保存完了: 3_6_20250823
2025-08-23 02:39:43,332 - INFO - 予測保存完了: 3_7_20250823
2025-08-23 02:39:43,361 - INFO - 予測保存完了: 3_8_20250823
2025-08-23 02:39:43,387 - INFO - 予測保存完了: 3_9_20250823
2025-08-23 02:39:43,417 - INFO - 予測保存完了: 3_10_20250823
2025-08-23 02:39:43,441 - INFO - 予測保存完了: 3_11_20250823
2025-08-23 02:39:43,465 - INFO - 予測保存完了: 3_12_20250823
2025-08-23 02:39:43,487 - INFO - 予測保存完了: 4_1_20250823
2025-08-23 02:39:43,509 - INFO - 予測保存完了: 4_2_20250823
2025-08-23 02:39:43,534 - INFO - 予測保存完了: 4_3_20250823
2025-08-23 02:39:43,557 - INFO - 予測保存完了: 4_4_20250823
2025-08-23 02:39:43,578 - INFO - 予測保存完了: 4_5_20250823
2025-08-23 02:39:43,600 - INFO - 予測保存完了: 4_6_20250823
2025-08-23 02:39:43,623 - INFO - 予測保存完了: 4_7_20250823
2025-08-23 02:39:43,646 - INFO - 予測保存完了: 4_8_20250823
2025-08-23 02:39:43,669 - INFO - 予測保存完了: 4_9_20250823
2025-08-23 02:39:43,692 - INFO - 予測保存完了: 4_10_20250823
2025-08-23 02:39:43,717 - INFO - 予測保存完了: 4_11_20250823
2025-08-23 02:39:43,739 - INFO - 予測保存完了: 4_12_20250823
2025-08-23 02:39:43,765 - INFO - 予測保存完了: 5_1_20250823
2025-08-23 02:39:43,790 - INFO - 予測保存完了: 5_2_20250823
2025-08-23 02:39:43,791 - INFO - 日次予測完了 - 成功: 50件
2025-08-23 05:58:18,670 - ERROR - モデル訓練エラー: "['win_rate', 'local_win_rate', 'place_rate', 'average_st', 'boat_rate', 'wind_speed', 'weather_code', 'inner_advantage'] not in index"
2025-08-23 05:58:18,673 - INFO - 機械学習システム初期化完了
2025-08-23 05:58:18,685 - WARNING - 超高精度MLシステム未利用: No module named 'ultra_accuracy_enhancer'
2025-08-23 05:58:18,687 - WARNING - 高度MLモデル未利用
2025-08-23 05:58:18,687 - INFO - アンサンブルモデル初期化完了: 7モデル
